c:\users\hackertoad\documents\klein\libraries\visual .net\kclmtrwrapper\debug\vc141.pdb
c:\users\hackertoad\documents\klein\libraries\visual .net\kclmtrwrapper\debug\kclmtrwrapper.obj
c:\users\hackertoad\documents\klein\libraries\visual .net\kclmtrwrapper\debug\assemblyinfo.obj
c:\users\hackertoad\documents\klein\libraries\visual .net\kclmtrwrapper\debug\serialport.obj
c:\users\hackertoad\documents\klein\libraries\visual .net\kclmtrwrapper\debug\kclmtr.obj
c:\users\hackertoad\documents\klein\libraries\visual .net\kclmtrwrapper\debug\measurement.obj
c:\users\hackertoad\documents\klein\libraries\visual .net\kclmtrwrapper\debug\matrix.obj
c:\users\hackertoad\documents\klein\libraries\visual .net\kclmtrwrapper\debug\flicker.obj
c:\users\hackertoad\documents\klein\libraries\visual .net\kclmtrwrapper\debug\enum.obj
c:\users\hackertoad\documents\klein\libraries\visual .net\kclmtrwrapper\debug\counts.obj
c:\users\hackertoad\documents\klein\libraries\visual .net\kclmtrwrapper\debug\.netframework,version=v4.0.assemblyattributes.obj
c:\users\hackertoad\documents\klein\libraries\visual .net\kclmtrwrapper\debug\.netframework,version=v4.0.assemblyattributes.asm
c:\users\hackertoad\documents\klein\libraries\bin\visual .net\system.dll
c:\users\hackertoad\documents\klein\libraries\bin\visual .net\kclmtrwrapper.dll
c:\users\hackertoad\documents\klein\libraries\bin\visual .net\kclmtrwrapper.pdb
c:\users\hackertoad\documents\klein\libraries\visual .net\kclmtrwrapper\debug\kclmtrwrapper.res
c:\users\hackertoad\documents\klein\libraries\visual .net\..\bin\visual .net\kclmtrwrapper.pdb
c:\users\hackertoad\documents\klein\libraries\visual .net\..\bin\visual .net\kclmtrwrapper.dll
c:\users\hackertoad\documents\klein\libraries\visual .net\kclmtrwrapper\debug\kclmtrwrapper.tlog\cl.command.1.tlog
c:\users\hackertoad\documents\klein\libraries\visual .net\kclmtrwrapper\debug\kclmtrwrapper.tlog\cl.read.1.tlog
c:\users\hackertoad\documents\klein\libraries\visual .net\kclmtrwrapper\debug\kclmtrwrapper.tlog\cl.write.1.tlog
c:\users\hackertoad\documents\klein\libraries\visual .net\kclmtrwrapper\debug\kclmtrwrapper.tlog\kclmtrwrapper.write.1u.tlog
c:\users\hackertoad\documents\klein\libraries\visual .net\kclmtrwrapper\debug\kclmtrwrapper.tlog\link.command.1.tlog
c:\users\hackertoad\documents\klein\libraries\visual .net\kclmtrwrapper\debug\kclmtrwrapper.tlog\link.read.1.tlog
c:\users\hackertoad\documents\klein\libraries\visual .net\kclmtrwrapper\debug\kclmtrwrapper.tlog\link.write.1.tlog
c:\users\hackertoad\documents\klein\libraries\visual .net\kclmtrwrapper\debug\kclmtrwrapper.tlog\metagen.read.1.tlog
c:\users\hackertoad\documents\klein\libraries\visual .net\kclmtrwrapper\debug\kclmtrwrapper.tlog\metagen.write.1.tlog
c:\users\hackertoad\documents\klein\libraries\visual .net\kclmtrwrapper\debug\kclmtrwrapper.tlog\rc.command.1.tlog
c:\users\hackertoad\documents\klein\libraries\visual .net\kclmtrwrapper\debug\kclmtrwrapper.tlog\rc.read.1.tlog
c:\users\hackertoad\documents\klein\libraries\visual .net\kclmtrwrapper\debug\kclmtrwrapper.tlog\rc.write.1.tlog
c:\users\hackertoad\documents\klein\libraries\visual .net\kclmtrwrapper\debug\kclmtrwrapper.tlog\tzres.dll.bi
